  Evaluation.cpp
  EvaluationUI.cpp
C:\Users\홍유빈\Desktop\SE\SEprojectSourceCode\YB_SEcode\SE\EvaluationUI.cpp(15,16): warning C4477: 'fscanf' : 서식 문자열 '%s'에 'char *' 형식의 인수가 필요하지만 variadic 인수 1의 형식이 'std::string'입니다.
C:\Users\홍유빈\Desktop\SE\SEprojectSourceCode\YB_SEcode\SE\EvaluationUI.cpp(15,16): warning C4477: 'fscanf' : 서식 문자열 '%d'에 'int *' 형식의 인수가 필요하지만 variadic 인수 2의 형식이 'int'입니다.
C:\Users\홍유빈\Desktop\SE\SEprojectSourceCode\YB_SEcode\SE\EvaluationUI.cpp(17,18): warning C4477: 'fprintf' : 서식 문자열 '%s'에 'char *' 형식의 인수가 필요하지만 variadic 인수 1의 형식이 'std::string'입니다.
C:\Users\홍유빈\Desktop\SE\SEprojectSourceCode\YB_SEcode\SE\EvaluationUI.cpp(17,18): warning C4477: 'fprintf' : 서식 문자열 '%s'에 'char *' 형식의 인수가 필요하지만 variadic 인수 2의 형식이 'std::string'입니다.
C:\Users\홍유빈\Desktop\SE\SEprojectSourceCode\YB_SEcode\SE\EvaluationUI.cpp(17,18): warning C4477: 'fprintf' : 서식 문자열 '%s'에 'char *' 형식의 인수가 필요하지만 variadic 인수 3의 형식이 'double'입니다.
C:\Users\홍유빈\Desktop\SE\SEprojectSourceCode\YB_SEcode\SE\EvaluationUI.cpp(15,2): error C4996: 'fscanf': This function or variable may be unsafe. Consider using fscanf_s instead. To disable deprecation, use _CRT_SECURE_NO_WARNINGS. See online help for details.
  main.cpp
C:\Users\홍유빈\Desktop\SE\SEprojectSourceCode\YB_SEcode\SE\main.cpp(32,10): error C4996: 'fopen': This function or variable may be unsafe. Consider using fopen_s instead. To disable deprecation, use _CRT_SECURE_NO_WARNINGS. See online help for details.
C:\Users\홍유빈\Desktop\SE\SEprojectSourceCode\YB_SEcode\SE\main.cpp(36,3): error C4996: 'fscanf': This function or variable may be unsafe. Consider using fscanf_s instead. To disable deprecation, use _CRT_SECURE_NO_WARNINGS. See online help for details.
  ManageMember.cpp
  ProductList.cpp
  PurchaseList.cpp
  PurchaseListUI.cpp
C:\Users\홍유빈\Desktop\SE\SEprojectSourceCode\YB_SEcode\SE\PurchaseListUI.cpp(15,19): warning C4477: 'fprintf' : 서식 문자열 '%s'에 'char *' 형식의 인수가 필요하지만 variadic 인수 1의 형식이 'std::string'입니다.
C:\Users\홍유빈\Desktop\SE\SEprojectSourceCode\YB_SEcode\SE\PurchaseListUI.cpp(15,19): warning C4477: 'fprintf' : 서식 문자열 '%s'에 'char *' 형식의 인수가 필요하지만 variadic 인수 2의 형식이 'std::string'입니다.
C:\Users\홍유빈\Desktop\SE\SEprojectSourceCode\YB_SEcode\SE\PurchaseListUI.cpp(15,19): warning C4477: 'fprintf' : 서식 문자열 '%s'에 'char *' 형식의 인수가 필요하지만 variadic 인수 3의 형식이 'std::string'입니다.
C:\Users\홍유빈\Desktop\SE\SEprojectSourceCode\YB_SEcode\SE\PurchaseListUI.cpp(15,19): warning C4477: 'fprintf' : 서식 문자열 '%s'에 'char *' 형식의 인수가 필요하지만 variadic 인수 4의 형식이 'std::string'입니다.
C:\Users\홍유빈\Desktop\SE\SEprojectSourceCode\YB_SEcode\SE\PurchaseListUI.cpp(15,19): warning C4477: 'fprintf' : 서식 문자열 '%s'에 'char *' 형식의 인수가 필요하지만 variadic 인수 5의 형식이 'int'입니다.
C:\Users\홍유빈\Desktop\SE\SEprojectSourceCode\YB_SEcode\SE\PurchaseListUI.cpp(15,19): warning C4313: 'fprintf': 서식 문자열의 '%s'이(가) 인수 5('int' 형식)과(와) 충돌합니다.
C:\Users\홍유빈\Desktop\SE\SEprojectSourceCode\YB_SEcode\SE\PurchaseListUI.cpp(15,19): warning C4477: 'fprintf' : 서식 문자열 '%s'에 'char *' 형식의 인수가 필요하지만 variadic 인수 6의 형식이 'double'입니다.
  Search.cpp
  SearchUI.cpp
C:\Users\홍유빈\Desktop\SE\SEprojectSourceCode\YB_SEcode\SE\SearchUI.cpp(18,18): warning C4477: 'fprintf' : 서식 문자열 '%s'에 'char *' 형식의 인수가 필요하지만 variadic 인수 1의 형식이 'std::string'입니다.
C:\Users\홍유빈\Desktop\SE\SEprojectSourceCode\YB_SEcode\SE\SearchUI.cpp(18,18): warning C4477: 'fprintf' : 서식 문자열 '%s'에 'char *' 형식의 인수가 필요하지만 variadic 인수 2의 형식이 'std::string'입니다.
C:\Users\홍유빈\Desktop\SE\SEprojectSourceCode\YB_SEcode\SE\SearchUI.cpp(18,18): warning C4477: 'fprintf' : 서식 문자열 '%s'에 'char *' 형식의 인수가 필요하지만 variadic 인수 3의 형식이 'std::string'입니다.
C:\Users\홍유빈\Desktop\SE\SEprojectSourceCode\YB_SEcode\SE\SearchUI.cpp(18,18): warning C4477: 'fprintf' : 서식 문자열 '%s'에 'char *' 형식의 인수가 필요하지만 variadic 인수 4의 형식이 'std::string'입니다.
C:\Users\홍유빈\Desktop\SE\SEprojectSourceCode\YB_SEcode\SE\SearchUI.cpp(18,18): warning C4477: 'fprintf' : 서식 문자열 '%s'에 'char *' 형식의 인수가 필요하지만 variadic 인수 5의 형식이 'int'입니다.
C:\Users\홍유빈\Desktop\SE\SEprojectSourceCode\YB_SEcode\SE\SearchUI.cpp(18,18): warning C4313: 'fprintf': 서식 문자열의 '%s'이(가) 인수 5('int' 형식)과(와) 충돌합니다.
C:\Users\홍유빈\Desktop\SE\SEprojectSourceCode\YB_SEcode\SE\SearchUI.cpp(18,18): warning C4477: 'fprintf' : 서식 문자열 '%s'에 'char *' 형식의 인수가 필요하지만 variadic 인수 6의 형식이 'double'입니다.
C:\Users\홍유빈\Desktop\SE\SEprojectSourceCode\YB_SEcode\SE\SearchUI.cpp(13,2): error C4996: 'fscanf': This function or variable may be unsafe. Consider using fscanf_s instead. To disable deprecation, use _CRT_SECURE_NO_WARNINGS. See online help for details.
C:\Users\홍유빈\Desktop\SE\SEprojectSourceCode\YB_SEcode\SE\SearchUI.cpp(25,18): warning C4477: 'fprintf' : 서식 문자열 '%s'에 'char *' 형식의 인수가 필요하지만 variadic 인수 1의 형식이 'std::string'입니다.
C:\Users\홍유빈\Desktop\SE\SEprojectSourceCode\YB_SEcode\SE\SearchUI.cpp(25,18): warning C4477: 'fprintf' : 서식 문자열 '%s'에 'char *' 형식의 인수가 필요하지만 variadic 인수 2의 형식이 'std::string'입니다.
  코드를 생성하고 있습니다...
C:\Users\홍유빈\Desktop\SE\SEprojectSourceCode\YB_SEcode\SE\ProductList.cpp(25): warning C4715: 'ProductList::getProductInfo': 모든 제어 경로에서 값을 반환하지는 않습니다.
